--------------------
q2 > Test #15
Test #15
FAILURE
name:       check-equal?
location:   q2-bb.rkt:297:5
params:     '(("ATL" "ATL" 14874)
  ("ATL" "BNA" 6031)
  ("ATL" "BOS" 13500)
  ("ATL" "CVG" 7108)
  ("ATL" "DFW" 1791)
  ("ATL" "IAH" 7586)
  ("ATL" "LAS" 3323)
  ("ATL" "MAD" 9610)
  ("ATL" "MEX" 2250)
  ("ATL" "MIA" 10605)
  ("ATL" "MKC" 3720)
  ("ATL" "ORL" 4785)
  ("ATL" "PHL" 120)
  ("ATL" "SLC" 1510)
  ("ATL" "YTO" 12061)
  ("BNA" "ATL" 7844)
  ("BNA" "BNA" 14841)
  ("BNA" "BOS" 6470)
  ("BNA" "CVG" 78)
  ("BNA" "DFW" 10601)
  ("BNA" "IAH" 556)
  ("BNA" "LAS" 12133)
  ("BNA" "MAD" 2580)
  ("BNA" "MEX" 11060)
  ("BNA" "MIA" 3575)
  ("BNA" "MKC" 12530)
  ("BNA" "ORL" 13595)
  ("BNA" "PHL" 8930)
  ("BNA" "SLC" 10320)
  ("BNA" "YTO" 5031)
  ("BOS" "ATL" 189)
  ("BOS" "BNA" 7186)
  ("BOS" "BOS" 14655)
  ("BOS" "CVG" 8263)
  ("BOS" "DFW" 2946)
  ("BOS" "IAH" 8741)
  ("BOS" "LAS" 4478)
  ("BOS" "MAD" 10765)
  ("BOS" "MEX" 3405)
  ("BOS" "MIA" 11760)
  ("BOS" "MKC" 4875)
  ("BOS" "ORL" 5940)
  ("BOS" "PHL" 1275)
  ("BOS" "SLC" 2665)
  ("BOS" "YTO" 13216)
  ("CVG" "ATL" 7449)
  ("CVG" "BNA" 14446)
  ("CVG" "BOS" 6075)
  ("CVG" "CVG" 15523)
  ("CVG" "DFW" 10206)
  ("CVG" "IAH" 161)
  ("CVG" "LAS" 11738)
  ("CVG" "MAD" 2185)
  ("CVG" "MEX" 10665)
  ("CVG" "MIA" 3180)
  ("CVG" "MKC" 12135)
  ("CVG" "ORL" 13200)
  ("CVG" "PHL" 8535)
  ("CVG" "SLC" 9925)
  ("CVG" "YTO" 4636)
  ("DFW" "ATL" 12807)
  ("DFW" "BNA" 3964)
  ("DFW" "BOS" 11433)
  ("DFW" "CVG" 5041)
  ("DFW" "DFW" 15564)
  ("DFW" "IAH" 5519)
  ("DFW" "LAS" 1256)
  ("DFW" "MAD" 7543)
  ("DFW" "MEX" 183)
  ("DFW" "MIA" 8538)
  ("DFW" "MKC" 1653)
  ("DFW" "ORL" 2718)
  ("DFW" "PHL" 13893)
  ("DFW" "SLC" 15283)
  ("DFW" "YTO" 9994)
  ("IAH" "ATL" 5933)
  ("IAH" "BNA" 12930)
  ("IAH" "BOS" 4559)
  ("IAH" "CVG" 14007)
  ("IAH" "DFW" 8690)
  ("IAH" "IAH" 14485)
  ("IAH" "LAS" 10222)
  ("IAH" "MAD" 669)
  ("IAH" "MEX" 9149)
  ("IAH" "MIA" 1664)
  ("IAH" "MKC" 10619)
  ("IAH" "ORL" 11684)
  ("IAH" "PHL" 7019)
  ("IAH" "SLC" 8409)
  ("IAH" "YTO" 3120)
  ("LAS" "ATL" 11324)
  ("LAS" "BNA" 2481)
  ("LAS" "BOS" 9950)
  ("LAS" "CVG" 3558)
  ("LAS" "DFW" 14081)
  ("LAS" "IAH" 4036)
  ("LAS" "LAS" 15613)
  ("LAS" "MAD" 6060)
  ("LAS" "MEX" 14540)
  ("LAS" "MIA" 7055)
  ("LAS" "MKC" 170)
  ("LAS" "ORL" 1235)
  ("LAS" "PHL" 12410)
  ("LAS" "SLC" 13800)
  ("LAS" "YTO" 8511)
  ("MAD" "ATL" 4834)
  ("MAD" "BNA" 11831)
  ("MAD" "BOS" 3460)
  ("MAD" "CVG" 12908)
  ("MAD" "DFW" 7591)
  ("MAD" "IAH" 13386)
  ("MAD" "LAS" 9123)
  ("MAD" "MAD" 15410)
  ("MAD" "MEX" 8050)
  ("MAD" "MIA" 565)
  ("MAD" "MKC" 9520)
  ("MAD" "ORL" 10585)
  ("MAD" "PHL" 5920)
  ("MAD" "SLC" 7310)
  ("MAD" "YTO" 2021)
  ("MEX" "ATL" 11819)
  ("MEX" "BNA" 2976)
  ("MEX" "BOS" 10445)
  ("MEX" "CVG" 4053)
  ("MEX" "DFW" 14576)
  ("MEX" "IAH" 4531)
  ("MEX" "LAS" 268)
  ("MEX" "MAD" 6555)
  ("MEX" "MEX" 15035)
  ("MEX" "MIA" 7550)
  ("MEX" "MKC" 665)
  ("MEX" "ORL" 1730)
  ("MEX" "PHL" 12905)
  ("MEX" "SLC" 14295)
  ("MEX" "YTO" 9006)
  ("MIA" "ATL" 3004)
  ("MIA" "BNA" 10001)
  ("MIA" "BOS" 1630)
  ("MIA" "CVG" 11078)
  ("MIA" "DFW" 5761)
  ("MIA" "IAH" 11556)
  ("MIA" "LAS" 7293)
  ("MIA" "MAD" 13580)
  ("MIA" "MEX" 6220)
  ("MIA" "MIA" 14575)
  ("MIA" "MKC" 7690)
  ("MIA" "ORL" 8755)
  ("MIA" "PHL" 4090)
  ("MIA" "SLC" 5480)
  ("MIA" "YTO" 191)
  ("MKC" "ATL" 10259)
  ("MKC" "BNA" 1416)
  ("MKC" "BOS" 8885)
  ("MKC" "CVG" 2493)
  ("MKC" "DFW" 13016)
  ("MKC" "IAH" 2971)
  ("MKC" "LAS" 14548)
  ("MKC" "MAD" 4995)
  ("MKC" "MEX" 13475)
  ("MKC" "MIA" 5990)
  ("MKC" "MKC" 14945)
  ("MKC" "ORL" 170)
  ("MKC" "PHL" 11345)
  ("MKC" "SLC" 12735)
  ("MKC" "YTO" 7446)
  ("ORL" "ATL" 8964)
  ("ORL" "BNA" 121)
  ("ORL" "BOS" 7590)
  ("ORL" "CVG" 1198)
  ("ORL" "DFW" 11721)
  ("ORL" "IAH" 1676)
  ("ORL" "LAS" 13253)
  ("ORL" "MAD" 3700)
  ("ORL" "MEX" 12180)
  ("ORL" "MIA" 4695)
  ("ORL" "MKC" 13650)
  ("ORL" "ORL" 14715)
  ("ORL" "PHL" 10050)
  ("ORL" "SLC" 11440)
  ("ORL" "YTO" 6151)
  ("PHL" "ATL" 13680)
  ("PHL" "BNA" 4837)
  ("PHL" "BOS" 12306)
  ("PHL" "CVG" 5914)
  ("PHL" "DFW" 597)
  ("PHL" "IAH" 6392)
  ("PHL" "LAS" 2129)
  ("PHL" "MAD" 8416)
  ("PHL" "MEX" 1056)
  ("PHL" "MIA" 9411)
  ("PHL" "MKC" 2526)
  ("PHL" "ORL" 3591)
  ("PHL" "PHL" 14766)
  ("PHL" "SLC" 316)
  ("PHL" "YTO" 10867)
  ("SLC" "ATL" 13246)
  ("SLC" "BNA" 4403)
  ("SLC" "BOS" 11872)
  ("SLC" "CVG" 5480)
  ("SLC" "DFW" 163)
  ("SLC" "IAH" 5958)
  ("SLC" "LAS" 1695)
  ("SLC" "MAD" 7982)
  ("SLC" "MEX" 622)
  ("SLC" "MIA" 8977)
  ("SLC" "MKC" 2092)
  ("SLC" "ORL" 3157)
  ("SLC" "PHL" 14332)
  ("SLC" "SLC" 15722)
  ("SLC" "YTO" 10433)
  ("YTO" "ATL" 1484)
  ("YTO" "BNA" 8481)
  ("YTO" "BOS" 110)
  ("YTO" "CVG" 9558)
  ("YTO" "DFW" 4241)
  ("YTO" "IAH" 10036)
  ("YTO" "LAS" 5773)
  ("YTO" "MAD" 12060)
  ("YTO" "MEX" 4700)
  ("YTO" "MIA" 13055)
  ("YTO" "MKC" 6170)
  ("YTO" "ORL" 7235)
  ("YTO" "PHL" 2570)
  ("YTO" "SLC" 3960)
  ("YTO" "YTO" 14511))
'(("ATL" "ATL" 0)
  ("ATL" "BNA" 6031)
  ("ATL" "BOS" 13500)
  ("ATL" "CVG" 7108)
  ("ATL" "DFW" 1791)
  ("ATL" "IAH" 7586)
  ("ATL" "LAS" 3323)
  ("ATL" "MAD" 9610)
  ("ATL" "MEX" 2250)
  ("ATL" "MIA" 10605)
  ("ATL" "MKC" 3720)
  ("ATL" "ORL" 4785)
  ("ATL" "PHL" 120)
  ("ATL" "SLC" 1510)
  ("ATL" "YTO" 12061)
  ("BNA" "ATL" 7844)
  ("BNA" "BNA" 0)
  ("BNA" "BOS" 6470)
  ("BNA" "CVG" 78)
  ("BNA" "DFW" 10601)
  ("BNA" "IAH" 556)
  ("BNA" "LAS" 12133)
  ("BNA" "MAD" 2580)
  ("BNA" "MEX" 11060)
  ("BNA" "MIA" 3575)
  ("BNA" "MKC" 12530)
  ("BNA" "ORL" 13595)
  ("BNA" "PHL" 8930)
  ("BNA" "SLC" 10320)
  ("BNA" "YTO" 5031)
  ("BOS" "ATL" 189)
  ("BOS" "BNA" 7186)
  ("BOS" "BOS" 0)
  ("BOS" "CVG" 8263)
  ("BOS" "DFW" 2946)
  ("BOS" "IAH" 8741)
  ("BOS" "LAS" 4478)
  ("BOS" "MAD" 10765)
  ("BOS" "MEX" 3405)
  ("BOS" "MIA" 11760)
  ("BOS" "MKC" 4875)
  ("BOS" "ORL" 5940)
  ("BOS" "PHL" 1275)
  ("BOS" "SLC" 2665)
  ("BOS" "YTO" 13216)
  ("CVG" "ATL" 7449)
  ("CVG" "BNA" 14446)
  ("CVG" "BOS" 6075)
  ("CVG" "CVG" 0)
  ("CVG" "DFW" 10206)
  ("CVG" "IAH" 161)
  ("CVG" "LAS" 11738)
  ("CVG" "MAD" 2185)
  ("CVG" "MEX" 10665)
  ("CVG" "MIA" 3180)
  ("CVG" "MKC" 12135)
  ("CVG" "ORL" 13200)
  ("CVG" "PHL" 8535)
  ("CVG" "SLC" 9925)
  ("CVG" "YTO" 4636)
  ("DFW" "ATL" 12807)
  ("DFW" "BNA" 3964)
  ("DFW" "BOS" 11433)
  ("DFW" "CVG" 5041)
  ("DFW" "DFW" 0)
  ("DFW" "IAH" 5519)
  ("DFW" "LAS" 1256)
  ("DFW" "MAD" 7543)
  ("DFW" "MEX" 183)
  ("DFW" "MIA" 8538)
  ("DFW" "MKC" 1653)
  ("DFW" "ORL" 2718)
  ("DFW" "PHL" 13893)
  ("DFW" "SLC" 15283)
  ("DFW" "YTO" 9994)
  ("IAH" "ATL" 5933)
  ("IAH" "BNA" 12930)
  ("IAH" "BOS" 4559)
  ("IAH" "CVG" 14007)
  ("IAH" "DFW" 8690)
  ("IAH" "IAH" 0)
  ("IAH" "LAS" 10222)
  ("IAH" "MAD" 669)
  ("IAH" "MEX" 9149)
  ("IAH" "MIA" 1664)
  ("IAH" "MKC" 10619)
  ("IAH" "ORL" 11684)
  ("IAH" "PHL" 7019)
  ("IAH" "SLC" 8409)
  ("IAH" "YTO" 3120)
  ("LAS" "ATL" 11324)
  ("LAS" "BNA" 2481)
  ("LAS" "BOS" 9950)
  ("LAS" "CVG" 3558)
  ("LAS" "DFW" 14081)
  ("LAS" "IAH" 4036)
  ("LAS" "LAS" 0)
  ("LAS" "MAD" 6060)
  ("LAS" "MEX" 14540)
  ("LAS" "MIA" 7055)
  ("LAS" "MKC" 170)
  ("LAS" "ORL" 1235)
  ("LAS" "PHL" 12410)
  ("LAS" "SLC" 13800)
  ("LAS" "YTO" 8511)
  ("MAD" "ATL" 4834)
  ("MAD" "BNA" 11831)
  ("MAD" "BOS" 3460)
  ("MAD" "CVG" 12908)
  ("MAD" "DFW" 7591)
  ("MAD" "IAH" 13386)
  ("MAD" "LAS" 9123)
  ("MAD" "MAD" 0)
  ("MAD" "MEX" 8050)
  ("MAD" "MIA" 565)
  ("MAD" "MKC" 9520)
  ("MAD" "ORL" 10585)
  ("MAD" "PHL" 5920)
  ("MAD" "SLC" 7310)
  ("MAD" "YTO" 2021)
  ("MEX" "ATL" 11819)
  ("MEX" "BNA" 2976)
  ("MEX" "BOS" 10445)
  ("MEX" "CVG" 4053)
  ("MEX" "DFW" 14576)
  ("MEX" "IAH" 4531)
  ("MEX" "LAS" 268)
  ("MEX" "MAD" 6555)
  ("MEX" "MEX" 0)
  ("MEX" "MIA" 7550)
  ("MEX" "MKC" 665)
  ("MEX" "ORL" 1730)
  ("MEX" "PHL" 12905)
  ("MEX" "SLC" 14295)
  ("MEX" "YTO" 9006)
  ("MIA" "ATL" 3004)
  ("MIA" "BNA" 10001)
  ("MIA" "BOS" 1630)
  ("MIA" "CVG" 11078)
  ("MIA" "DFW" 5761)
  ("MIA" "IAH" 11556)
  ("MIA" "LAS" 7293)
  ("MIA" "MAD" 13580)
  ("MIA" "MEX" 6220)
  ("MIA" "MIA" 0)
  ("MIA" "MKC" 7690)
  ("MIA" "ORL" 8755)
  ("MIA" "PHL" 4090)
  ("MIA" "SLC" 5480)
  ("MIA" "YTO" 191)
  ("MKC" "ATL" 10259)
  ("MKC" "BNA" 1416)
  ("MKC" "BOS" 8885)
  ("MKC" "CVG" 2493)
  ("MKC" "DFW" 13016)
  ("MKC" "IAH" 2971)
  ("MKC" "LAS" 14548)
  ("MKC" "MAD" 4995)
  ("MKC" "MEX" 13475)
  ("MKC" "MIA" 5990)
  ("MKC" "MKC" 0)
  ("MKC" "ORL" 170)
  ("MKC" "PHL" 11345)
  ("MKC" "SLC" 12735)
  ("MKC" "YTO" 7446)
  ("ORL" "ATL" 8964)
  ("ORL" "BNA" 121)
  ("ORL" "BOS" 7590)
  ("ORL" "CVG" 1198)
  ("ORL" "DFW" 11721)
  ("ORL" "IAH" 1676)
  ("ORL" "LAS" 13253)
  ("ORL" "MAD" 3700)
  ("ORL" "MEX" 12180)
  ("ORL" "MIA" 4695)
  ("ORL" "MKC" 13650)
  ("ORL" "ORL" 0)
  ("ORL" "PHL" 10050)
  ("ORL" "SLC" 11440)
  ("ORL" "YTO" 6151)
  ("PHL" "ATL" 13680)
  ("PHL" "BNA" 4837)
  ("PHL" "BOS" 12306)
  ("PHL" "CVG" 5914)
  ("PHL" "DFW" 597)
  ("PHL" "IAH" 6392)
  ("PHL" "LAS" 2129)
  ("PHL" "MAD" 8416)
  ("PHL" "MEX" 1056)
  ("PHL" "MIA" 9411)
  ("PHL" "MKC" 2526)
  ("PHL" "ORL" 3591)
  ("PHL" "PHL" 0)
  ("PHL" "SLC" 316)
  ("PHL" "YTO" 10867)
  ("SLC" "ATL" 13246)
  ("SLC" "BNA" 4403)
  ("SLC" "BOS" 11872)
  ("SLC" "CVG" 5480)
  ("SLC" "DFW" 163)
  ("SLC" "IAH" 5958)
  ("SLC" "LAS" 1695)
  ("SLC" "MAD" 7982)
  ("SLC" "MEX" 622)
  ("SLC" "MIA" 8977)
  ("SLC" "MKC" 2092)
  ("SLC" "ORL" 3157)
  ("SLC" "PHL" 14332)
  ("SLC" "SLC" 0)
  ("SLC" "YTO" 10433)
  ("YTO" "ATL" 1484)
  ("YTO" "BNA" 8481)
  ("YTO" "BOS" 110)
  ("YTO" "CVG" 9558)
  ("YTO" "DFW" 4241)
  ("YTO" "IAH" 10036)
  ("YTO" "LAS" 5773)
  ("YTO" "MAD" 12060)
  ("YTO" "MEX" 4700)
  ("YTO" "MIA" 13055)
  ("YTO" "MKC" 6170)
  ("YTO" "ORL" 7235)
  ("YTO" "PHL" 2570)
  ("YTO" "SLC" 3960)
  ("YTO" "YTO" 0))
actual:     '(("ATL" "ATL" 14874)
  ("ATL" "BNA" 6031)
  ("ATL" "BOS" 13500)
  ("ATL" "CVG" 7108)
  ("ATL" "DFW" 1791)
  ("ATL" "IAH" 7586)
  ("ATL" "LAS" 3323)
  ("ATL" "MAD" 9610)
  ("ATL" "MEX" 2250)
  ("ATL" "MIA" 10605)
  ("ATL" "MKC" 3720)
  ("ATL" "ORL" 4785)
  ("ATL" "PHL" 120)
  ("ATL" "SLC" 1510)
  ("ATL" "YTO" 12061)
  ("BNA" "ATL" 7844)
  ("BNA" "BNA" 14841)
  ("BNA" "BOS" 6470)
  ("BNA" "CVG" 78)
  ("BNA" "DFW" 10601)
  ("BNA" "IAH" 556)
  ("BNA" "LAS" 12133)
  ("BNA" "MAD" 2580)
  ("BNA" "MEX" 11060)
  ("BNA" "MIA" 3575)
  ("BNA" "MKC" 12530)
  ("BNA" "ORL" 13595)
  ("BNA" "PHL" 8930)
  ("BNA" "SLC" 10320)
  ("BNA" "YTO" 5031)
  ("BOS" "ATL" 189)
  ("BOS" "BNA" 7186)
  ("BOS" "BOS" 14655)
  ("BOS" "CVG" 8263)
  ("BOS" "DFW" 2946)
  ("BOS" "IAH" 8741)
  ("BOS" "LAS" 4478)
  ("BOS" "MAD" 10765)
  ("BOS" "MEX" 3405)
  ("BOS" "MIA" 11760)
  ("BOS" "MKC" 4875)
  ("BOS" "ORL" 5940)
  ("BOS" "PHL" 1275)
  ("BOS" "SLC" 2665)
  ("BOS" "YTO" 13216)
  ("CVG" "ATL" 7449)
  ("CVG" "BNA" 14446)
  ("CVG" "BOS" 6075)
  ("CVG" "CVG" 15523)
  ("CVG" "DFW" 10206)
  ("CVG" "IAH" 161)
  ("CVG" "LAS" 11738)
  ("CVG" "MAD" 2185)
  ("CVG" "MEX" 10665)
  ("CVG" "MIA" 3180)
  ("CVG" "MKC" 12135)
  ("CVG" "ORL" 13200)
  ("CVG" "PHL" 8535)
  ("CVG" "SLC" 9925)
  ("CVG" "YTO" 4636)
  ("DFW" "ATL" 12807)
  ("DFW" "BNA" 3964)
  ("DFW" "BOS" 11433)
  ("DFW" "CVG" 5041)
  ("DFW" "DFW" 15564)
  ("DFW" "IAH" 5519)
  ("DFW" "LAS" 1256)
  ("DFW" "MAD" 7543)
  ("DFW" "MEX" 183)
  ("DFW" "MIA" 8538)
  ("DFW" "MKC" 1653)
  ("DFW" "ORL" 2718)
  ("DFW" "PHL" 13893)
  ("DFW" "SLC" 15283)
  ("DFW" "YTO" 9994)
  ("IAH" "ATL" 5933)
  ("IAH" "BNA" 12930)
  ("IAH" "BOS" 4559)
  ("IAH" "CVG" 14007)
  ("IAH" "DFW" 8690)
  ("IAH" "IAH" 14485)
  ("IAH" "LAS" 10222)
  ("IAH" "MAD" 669)
  ("IAH" "MEX" 9149)
  ("IAH" "MIA" 1664)
  ("IAH" "MKC" 10619)
  ("IAH" "ORL" 11684)
  ("IAH" "PHL" 7019)
  ("IAH" "SLC" 8409)
  ("IAH" "YTO" 3120)
  ("LAS" "ATL" 11324)
  ("LAS" "BNA" 2481)
  ("LAS" "BOS" 9950)
  ("LAS" "CVG" 3558)
  ("LAS" "DFW" 14081)
  ("LAS" "IAH" 4036)
  ("LAS" "LAS" 15613)
  ("LAS" "MAD" 6060)
  ("LAS" "MEX" 14540)
  ("LAS" "MIA" 7055)
  ("LAS" "MKC" 170)
  ("LAS" "ORL" 1235)
  ("LAS" "PHL" 12410)
  ("LAS" "SLC" 13800)
  ("LAS" "YTO" 8511)
  ("MAD" "ATL" 4834)
  ("MAD" "BNA" 11831)
  ("MAD" "BOS" 3460)
  ("MAD" "CVG" 12908)
  ("MAD" "DFW" 7591)
  ("MAD" "IAH" 13386)
  ("MAD" "LAS" 9123)
  ("MAD" "MAD" 15410)
  ("MAD" "MEX" 8050)
  ("MAD" "MIA" 565)
  ("MAD" "MKC" 9520)
  ("MAD" "ORL" 10585)
  ("MAD" "PHL" 5920)
  ("MAD" "SLC" 7310)
  ("MAD" "YTO" 2021)
  ("MEX" "ATL" 11819)
  ("MEX" "BNA" 2976)
  ("MEX" "BOS" 10445)
  ("MEX" "CVG" 4053)
  ("MEX" "DFW" 14576)
  ("MEX" "IAH" 4531)
  ("MEX" "LAS" 268)
  ("MEX" "MAD" 6555)
  ("MEX" "MEX" 15035)
  ("MEX" "MIA" 7550)
  ("MEX" "MKC" 665)
  ("MEX" "ORL" 1730)
  ("MEX" "PHL" 12905)
  ("MEX" "SLC" 14295)
  ("MEX" "YTO" 9006)
  ("MIA" "ATL" 3004)
  ("MIA" "BNA" 10001)
  ("MIA" "BOS" 1630)
  ("MIA" "CVG" 11078)
  ("MIA" "DFW" 5761)
  ("MIA" "IAH" 11556)
  ("MIA" "LAS" 7293)
  ("MIA" "MAD" 13580)
  ("MIA" "MEX" 6220)
  ("MIA" "MIA" 14575)
  ("MIA" "MKC" 7690)
  ("MIA" "ORL" 8755)
  ("MIA" "PHL" 4090)
  ("MIA" "SLC" 5480)
  ("MIA" "YTO" 191)
  ("MKC" "ATL" 10259)
  ("MKC" "BNA" 1416)
  ("MKC" "BOS" 8885)
  ("MKC" "CVG" 2493)
  ("MKC" "DFW" 13016)
  ("MKC" "IAH" 2971)
  ("MKC" "LAS" 14548)
  ("MKC" "MAD" 4995)
  ("MKC" "MEX" 13475)
  ("MKC" "MIA" 5990)
  ("MKC" "MKC" 14945)
  ("MKC" "ORL" 170)
  ("MKC" "PHL" 11345)
  ("MKC" "SLC" 12735)
  ("MKC" "YTO" 7446)
  ("ORL" "ATL" 8964)
  ("ORL" "BNA" 121)
  ("ORL" "BOS" 7590)
  ("ORL" "CVG" 1198)
  ("ORL" "DFW" 11721)
  ("ORL" "IAH" 1676)
  ("ORL" "LAS" 13253)
  ("ORL" "MAD" 3700)
  ("ORL" "MEX" 12180)
  ("ORL" "MIA" 4695)
  ("ORL" "MKC" 13650)
  ("ORL" "ORL" 14715)
  ("ORL" "PHL" 10050)
  ("ORL" "SLC" 11440)
  ("ORL" "YTO" 6151)
  ("PHL" "ATL" 13680)
  ("PHL" "BNA" 4837)
  ("PHL" "BOS" 12306)
  ("PHL" "CVG" 5914)
  ("PHL" "DFW" 597)
  ("PHL" "IAH" 6392)
  ("PHL" "LAS" 2129)
  ("PHL" "MAD" 8416)
  ("PHL" "MEX" 1056)
  ("PHL" "MIA" 9411)
  ("PHL" "MKC" 2526)
  ("PHL" "ORL" 3591)
  ("PHL" "PHL" 14766)
  ("PHL" "SLC" 316)
  ("PHL" "YTO" 10867)
  ("SLC" "ATL" 13246)
  ("SLC" "BNA" 4403)
  ("SLC" "BOS" 11872)
  ("SLC" "CVG" 5480)
  ("SLC" "DFW" 163)
  ("SLC" "IAH" 5958)
  ("SLC" "LAS" 1695)
  ("SLC" "MAD" 7982)
  ("SLC" "MEX" 622)
  ("SLC" "MIA" 8977)
  ("SLC" "MKC" 2092)
  ("SLC" "ORL" 3157)
  ("SLC" "PHL" 14332)
  ("SLC" "SLC" 15722)
  ("SLC" "YTO" 10433)
  ("YTO" "ATL" 1484)
  ("YTO" "BNA" 8481)
  ("YTO" "BOS" 110)
  ("YTO" "CVG" 9558)
  ("YTO" "DFW" 4241)
  ("YTO" "IAH" 10036)
  ("YTO" "LAS" 5773)
  ("YTO" "MAD" 12060)
  ("YTO" "MEX" 4700)
  ("YTO" "MIA" 13055)
  ("YTO" "MKC" 6170)
  ("YTO" "ORL" 7235)
  ("YTO" "PHL" 2570)
  ("YTO" "SLC" 3960)
  ("YTO" "YTO" 14511))
expected:   '(("ATL" "ATL" 0)
  ("ATL" "BNA" 6031)
  ("ATL" "BOS" 13500)
  ("ATL" "CVG" 7108)
  ("ATL" "DFW" 1791)
  ("ATL" "IAH" 7586)
  ("ATL" "LAS" 3323)
  ("ATL" "MAD" 9610)
  ("ATL" "MEX" 2250)
  ("ATL" "MIA" 10605)
  ("ATL" "MKC" 3720)
  ("ATL" "ORL" 4785)
  ("ATL" "PHL" 120)
  ("ATL" "SLC" 1510)
  ("ATL" "YTO" 12061)
  ("BNA" "ATL" 7844)
  ("BNA" "BNA" 0)
  ("BNA" "BOS" 6470)
  ("BNA" "CVG" 78)
  ("BNA" "DFW" 10601)
  ("BNA" "IAH" 556)
  ("BNA" "LAS" 12133)
  ("BNA" "MAD" 2580)
  ("BNA" "MEX" 11060)
  ("BNA" "MIA" 3575)
  ("BNA" "MKC" 12530)
  ("BNA" "ORL" 13595)
  ("BNA" "PHL" 8930)
  ("BNA" "SLC" 10320)
  ("BNA" "YTO" 5031)
  ("BOS" "ATL" 189)
  ("BOS" "BNA" 7186)
  ("BOS" "BOS" 0)
  ("BOS" "CVG" 8263)
  ("BOS" "DFW" 2946)
  ("BOS" "IAH" 8741)
  ("BOS" "LAS" 4478)
  ("BOS" "MAD" 10765)
  ("BOS" "MEX" 3405)
  ("BOS" "MIA" 11760)
  ("BOS" "MKC" 4875)
  ("BOS" "ORL" 5940)
  ("BOS" "PHL" 1275)
  ("BOS" "SLC" 2665)
  ("BOS" "YTO" 13216)
  ("CVG" "ATL" 7449)
  ("CVG" "BNA" 14446)
  ("CVG" "BOS" 6075)
  ("CVG" "CVG" 0)
  ("CVG" "DFW" 10206)
  ("CVG" "IAH" 161)
  ("CVG" "LAS" 11738)
  ("CVG" "MAD" 2185)
  ("CVG" "MEX" 10665)
  ("CVG" "MIA" 3180)
  ("CVG" "MKC" 12135)
  ("CVG" "ORL" 13200)
  ("CVG" "PHL" 8535)
  ("CVG" "SLC" 9925)
  ("CVG" "YTO" 4636)
  ("DFW" "ATL" 12807)
  ("DFW" "BNA" 3964)
  ("DFW" "BOS" 11433)
  ("DFW" "CVG" 5041)
  ("DFW" "DFW" 0)
  ("DFW" "IAH" 5519)
  ("DFW" "LAS" 1256)
  ("DFW" "MAD" 7543)
  ("DFW" "MEX" 183)
  ("DFW" "MIA" 8538)
  ("DFW" "MKC" 1653)
  ("DFW" "ORL" 2718)
  ("DFW" "PHL" 13893)
  ("DFW" "SLC" 15283)
  ("DFW" "YTO" 9994)
  ("IAH" "ATL" 5933)
  ("IAH" "BNA" 12930)
  ("IAH" "BOS" 4559)
  ("IAH" "CVG" 14007)
  ("IAH" "DFW" 8690)
  ("IAH" "IAH" 0)
  ("IAH" "LAS" 10222)
  ("IAH" "MAD" 669)
  ("IAH" "MEX" 9149)
  ("IAH" "MIA" 1664)
  ("IAH" "MKC" 10619)
  ("IAH" "ORL" 11684)
  ("IAH" "PHL" 7019)
  ("IAH" "SLC" 8409)
  ("IAH" "YTO" 3120)
  ("LAS" "ATL" 11324)
  ("LAS" "BNA" 2481)
  ("LAS" "BOS" 9950)
  ("LAS" "CVG" 3558)
  ("LAS" "DFW" 14081)
  ("LAS" "IAH" 4036)
  ("LAS" "LAS" 0)
  ("LAS" "MAD" 6060)
  ("LAS" "MEX" 14540)
  ("LAS" "MIA" 7055)
  ("LAS" "MKC" 170)
  ("LAS" "ORL" 1235)
  ("LAS" "PHL" 12410)
  ("LAS" "SLC" 13800)
  ("LAS" "YTO" 8511)
  ("MAD" "ATL" 4834)
  ("MAD" "BNA" 11831)
  ("MAD" "BOS" 3460)
  ("MAD" "CVG" 12908)
  ("MAD" "DFW" 7591)
  ("MAD" "IAH" 13386)
  ("MAD" "LAS" 9123)
  ("MAD" "MAD" 0)
  ("MAD" "MEX" 8050)
  ("MAD" "MIA" 565)
  ("MAD" "MKC" 9520)
  ("MAD" "ORL" 10585)
  ("MAD" "PHL" 5920)
  ("MAD" "SLC" 7310)
  ("MAD" "YTO" 2021)
  ("MEX" "ATL" 11819)
  ("MEX" "BNA" 2976)
  ("MEX" "BOS" 10445)
  ("MEX" "CVG" 4053)
  ("MEX" "DFW" 14576)
  ("MEX" "IAH" 4531)
  ("MEX" "LAS" 268)
  ("MEX" "MAD" 6555)
  ("MEX" "MEX" 0)
  ("MEX" "MIA" 7550)
  ("MEX" "MKC" 665)
  ("MEX" "ORL" 1730)
  ("MEX" "PHL" 12905)
  ("MEX" "SLC" 14295)
  ("MEX" "YTO" 9006)
  ("MIA" "ATL" 3004)
  ("MIA" "BNA" 10001)
  ("MIA" "BOS" 1630)
  ("MIA" "CVG" 11078)
  ("MIA" "DFW" 5761)
  ("MIA" "IAH" 11556)
  ("MIA" "LAS" 7293)
  ("MIA" "MAD" 13580)
  ("MIA" "MEX" 6220)
  ("MIA" "MIA" 0)
  ("MIA" "MKC" 7690)
  ("MIA" "ORL" 8755)
  ("MIA" "PHL" 4090)
  ("MIA" "SLC" 5480)
  ("MIA" "YTO" 191)
  ("MKC" "ATL" 10259)
  ("MKC" "BNA" 1416)
  ("MKC" "BOS" 8885)
  ("MKC" "CVG" 2493)
  ("MKC" "DFW" 13016)
  ("MKC" "IAH" 2971)
  ("MKC" "LAS" 14548)
  ("MKC" "MAD" 4995)
  ("MKC" "MEX" 13475)
  ("MKC" "MIA" 5990)
  ("MKC" "MKC" 0)
  ("MKC" "ORL" 170)
  ("MKC" "PHL" 11345)
  ("MKC" "SLC" 12735)
  ("MKC" "YTO" 7446)
  ("ORL" "ATL" 8964)
  ("ORL" "BNA" 121)
  ("ORL" "BOS" 7590)
  ("ORL" "CVG" 1198)
  ("ORL" "DFW" 11721)
  ("ORL" "IAH" 1676)
  ("ORL" "LAS" 13253)
  ("ORL" "MAD" 3700)
  ("ORL" "MEX" 12180)
  ("ORL" "MIA" 4695)
  ("ORL" "MKC" 13650)
  ("ORL" "ORL" 0)
  ("ORL" "PHL" 10050)
  ("ORL" "SLC" 11440)
  ("ORL" "YTO" 6151)
  ("PHL" "ATL" 13680)
  ("PHL" "BNA" 4837)
  ("PHL" "BOS" 12306)
  ("PHL" "CVG" 5914)
  ("PHL" "DFW" 597)
  ("PHL" "IAH" 6392)
  ("PHL" "LAS" 2129)
  ("PHL" "MAD" 8416)
  ("PHL" "MEX" 1056)
  ("PHL" "MIA" 9411)
  ("PHL" "MKC" 2526)
  ("PHL" "ORL" 3591)
  ("PHL" "PHL" 0)
  ("PHL" "SLC" 316)
  ("PHL" "YTO" 10867)
  ("SLC" "ATL" 13246)
  ("SLC" "BNA" 4403)
  ("SLC" "BOS" 11872)
  ("SLC" "CVG" 5480)
  ("SLC" "DFW" 163)
  ("SLC" "IAH" 5958)
  ("SLC" "LAS" 1695)
  ("SLC" "MAD" 7982)
  ("SLC" "MEX" 622)
  ("SLC" "MIA" 8977)
  ("SLC" "MKC" 2092)
  ("SLC" "ORL" 3157)
  ("SLC" "PHL" 14332)
  ("SLC" "SLC" 0)
  ("SLC" "YTO" 10433)
  ("YTO" "ATL" 1484)
  ("YTO" "BNA" 8481)
  ("YTO" "BOS" 110)
  ("YTO" "CVG" 9558)
  ("YTO" "DFW" 4241)
  ("YTO" "IAH" 10036)
  ("YTO" "LAS" 5773)
  ("YTO" "MAD" 12060)
  ("YTO" "MEX" 4700)
  ("YTO" "MIA" 13055)
  ("YTO" "MKC" 6170)
  ("YTO" "ORL" 7235)
  ("YTO" "PHL" 2570)
  ("YTO" "SLC" 3960)
  ("YTO" "YTO" 0))
expression: (check-equal? (visit-all-pairs-of-airports (lambda (ap1 ap2 flights) (list ap1 ap2 (travel-time ap1 ap2 flights))) deltaCycle) (list (list "ATL" "ATL" 0) (list "ATL" "BNA" 6031) (list "ATL" "BOS" 13500) (list "ATL" "CVG" 7108) (list "ATL" "DFW" 1791) (list "ATL" "IAH" 7586) (list "ATL" "LAS" 3323) (list "ATL" "MAD" 9610) (list "ATL" "MEX" 2250) (list "ATL" "MIA" 10605) (list "ATL" "MKC" 3720) (list "ATL" "ORL" 4785) (list "ATL" "PHL" 120) (list "ATL" "SLC" 1510) (list "ATL" "YTO" 12061) (list "BNA" "ATL" 7844) (list "BNA" "BNA" 0) (list "BNA" "BOS" 6470) (list "BNA" "CVG" 78) (list "BNA" "DFW" 10601) (list "BNA" "IAH" 556) (list "BNA" "LAS" 12133) (list "BNA" "MAD" 2580) (list "BNA" "MEX" 11060) (list "BNA" "MIA" 3575) (list "BNA" "MKC" 12530) (list "BNA" "ORL" 13595) (list "BNA" "PHL" 8930) (list "BNA" "SLC" 10320) (list "BNA" "YTO" 5031) (list "BOS" "ATL" 189) (list "BOS" "BNA" 7186) (list "BOS" "BOS" 0) (list "BOS" "CVG" 8263) (list "BOS" "DFW" 2946) (list "BOS" "IAH" 8741) (list "BOS" "LAS" 4478) (list "BOS" "MAD" 10765) (list "BOS" "MEX" 3405) (list "BOS" "MIA" 11760) (list "BOS" "MKC" 4875) (list "BOS" "ORL" 5940) (list "BOS" "PHL" 1275) (list "BOS" "SLC" 2665) (list "BOS" "YTO" 13216) (list "CVG" "ATL" 7449) (list "CVG" "BNA" 14446) (list "CVG" "BOS" 6075) (list "CVG" "CVG" 0) (list "CVG" "DFW" 10206) (list "CVG" "IAH" 161) (list "CVG" "LAS" 11738) (list "CVG" "MAD" 2185) (list "CVG" "MEX" 10665) (list "CVG" "MIA" 3180) (list "CVG" "MKC" 12135) (list "CVG" "ORL" 13200) (list "CVG" "PHL" 8535) (list "CVG" "SLC" 9925) (list "CVG" "YTO" 4636) (list "DFW" "ATL" 12807) (list "DFW" "BNA" 3964) (list "DFW" "BOS" 11433) (list "DFW" "CVG" 5041) (list "DFW" "DFW" 0) (list "DFW" "IAH" 5519) (list "DFW" "LAS" 1256) (list "DFW" "MAD" 7543) (list "DFW" "MEX" 183) (list "DFW" "MIA" 8538) (list "DFW" "MKC" 1653) (list "DFW" "ORL" 2718) (list "DFW" "PHL" 13893) (list "DFW" "SLC" 15283) (list "DFW" "YTO" 9994) (list "IAH" "ATL" 5933) (list "IAH" "BNA" 12930) (list "IAH" "BOS" 4559) (list "IAH" "CVG" 14007) (list "IAH" "DFW" 8690) (list "IAH" "IAH" 0) (list "IAH" "LAS" 10222) (list "IAH" "MAD" 669) (list "IAH" "MEX" 9149) (list "IAH" "MIA" 1664) (list "IAH" "MKC" 10619) (list "IAH" "ORL" 11684) (list "IAH" "PHL" 7019) (list "IAH" "SLC" 8409) (list "IAH" "YTO" 3120) (list "LAS" "ATL" 11324) (list "LAS" "BNA" 2481) (list "LAS" "BOS" 9950) (list "LAS" "CVG" 3558) (list "LAS" "DFW" 14081) (list "LAS" "IAH" 4036) (list "LAS" "LAS" 0) (list "LAS" "MAD" 6060) (list "LAS" "MEX" 14540) (list "LAS" "MIA" 7055) (list "LAS" "MKC" 170) (list "LAS" "ORL" 1235) (list "LAS" "PHL" 12410) (list "LAS" "SLC" 13800) (list "LAS" "YTO" 8511) (list "MAD" "ATL" 4834) (list "MAD" "BNA" 11831) (list "MAD" "BOS" 3460) (list "MAD" "CVG" 12908) (list "MAD" "DFW" 7591) (list "MAD" "IAH" 13386) (list "MAD" "LAS" 9123) (list "MAD" "MAD" 0) (list "MAD" "MEX" 8050) (list "MAD" "MIA" 565) (list "MAD" "MKC" 9520) (list "MAD" "ORL" 10585) (list "MAD" "PHL" 5920) (list "MAD" "SLC" 7310) (list "MAD" "YTO" 2021) (list "MEX" "ATL" 11819) (list "MEX" "BNA" 2976) (list "MEX" "BOS" 10445) (list "MEX" "CVG" 4053) (list "MEX" "DFW" 14576) (list "MEX" "IAH" 4531) (list "MEX" "LAS" 268) (list "MEX" "MAD" 6555) (list "MEX" "MEX" 0) (list "MEX" "MIA" 7550) (list "MEX" "MKC" 665) (list "MEX" "ORL" 1730) (list "MEX" "PHL" 12905) (list "MEX" "SLC" 14295) (list "MEX" "YTO" 9006) (list "MIA" "ATL" 3004) (list "MIA" "BNA" 10001) (list "MIA" "BOS" 1630) (list "MIA" "CVG" 11078) (list "MIA" "DFW" 5761) (list "MIA" "IAH" 11556) (list "MIA" "LAS" 7293) (list "MIA" "MAD" 13580) (list "MIA" "MEX" 6220) (list "MIA" "MIA" 0) (list "MIA" "MKC" 7690) (list "MIA" "ORL" 8755) (list "MIA" "PHL" 4090) (list "MIA" "SLC" 5480) (list "MIA" "YTO" 191) (list "MKC" "ATL" 10259) (list "MKC" "BNA" 1416) (list "MKC" "BOS" 8885) (list "MKC" "CVG" 2493) (list "MKC" "DFW" 13016) (list "MKC" "IAH" 2971) (list "MKC" "LAS" 14548) (list "MKC" "MAD" 4995) (list "MKC" "MEX" 13475) (list "MKC" "MIA" 5990) (list "MKC" "MKC" 0) (list "MKC" "ORL" 170) (list "MKC" "PHL" 11345) (list "MKC" "SLC" 12735) (list "MKC" "YTO" 7446) (list "ORL" "ATL" 8964) (list "ORL" "BNA" 121) (list "ORL" "BOS" 7590) (list "ORL" "CVG" 1198) (list "ORL" "DFW" 11721) (list "ORL" "IAH" 1676) (list "ORL" "LAS" 13253) (list "ORL" "MAD" 3700) (list "ORL" "MEX" 12180) (list "ORL" "MIA" 4695) (list "ORL" "MKC" 13650) (list "ORL" "ORL" 0) (list "ORL" "PHL" 10050) (list "ORL" "SLC" 11440) (list "ORL" "YTO" 6151) (list "PHL" "ATL" 13680) (list "PHL" "BNA" 4837) (list "PHL" "BOS" 12306) (list "PHL" "CVG" 5914) (list "PHL" "DFW" 597) (list "PHL" "IAH" 6392) (list "PHL" "LAS" 2129) (list "PHL" "MAD" 8416) (list "PHL" "MEX" 1056) (list "PHL" "MIA" 9411) (list "PHL" "MKC" 2526) (list "PHL" "ORL" 3591) (list "PHL" "PHL" 0) (list "PHL" "SLC" 316) (list "PHL" "YTO" 10867) (list "SLC" "ATL" 13246) (list "SLC" "BNA" 4403) (list "SLC" "BOS" 11872) (list "SLC" "CVG" 5480) (list "SLC" "DFW" 163) (list "SLC" "IAH" 5958) (list "SLC" "LAS" 1695) (list "SLC" "MAD" 7982) (list "SLC" "MEX" 622) (list "SLC" "MIA" 8977) (list "SLC" "MKC" 2092) (list "SLC" "ORL" 3157) (list "SLC" "PHL" 14332) (list "SLC" "SLC" 0) (list "SLC" "YTO" 10433) (list "YTO" "ATL" 1484) (list "YTO" "BNA" 8481) (list "YTO" "BOS" 110) (list "YTO" "CVG" 9558) (list "YTO" "DFW" 4241) (list "YTO" "IAH" 10036) (list "YTO" "LAS" 5773) (list "YTO" "MAD" 12060) (list "YTO" "MEX" 4700) (list "YTO" "MIA" 13055) (list "YTO" "MKC" 6170) (list "YTO" "ORL" 7235) (list "YTO" "PHL" 2570) (list "YTO" "SLC" 3960) (list "YTO" "YTO" 0)))
message:    "incorrect travel time using deltaCycle"
Check failure
--------------------
14 success(es) 1 failure(s) 0 error(s) 15 test(s) run
extras.rkt Wed Sep 14 08:52:19 2016
Running tests from flight.rkt...
All tests passed (16 tests).
Running tests from q2.rkt...
All tests passed (43 tests).
1
